<?xml version="1.0" encoding="UTF-8"?>
<testng-results skipped="0" failed="0" total="3" passed="3">
  <reporter-output>
  </reporter-output>
  <suite name="Visual Automation" duration-ms="22622" started-at="2018-07-13T23:02:40Z" finished-at="2018-07-13T23:03:03Z">
    <groups>
    </groups>
    <test name="RunTest" duration-ms="22622" started-at="2018-07-13T23:02:40Z" finished-at="2018-07-13T23:03:03Z">
      <class name="org.utils.VisualTest">
        <test-method status="PASS" signature="setupTestClass(org.testng.ITestContext)[pri:0, instance:org.utils.VisualTest@6ea12c19]" name="setupTestClass" is-config="true" duration-ms="11834" started-at="2018-07-13T19:02:40Z" finished-at="2018-07-13T19:02:52Z">
          <params>
            <param index="0">
              <value>
                <![CDATA[org.testng.TestRunner@448c8166]]>
              </value>
            </param>
          </params>
          <reporter-output>
          </reporter-output>
        </test-method> <!-- setupTestClass -->
        <test-method status="PASS" signature="setupTestMethod(java.lang.reflect.Method)[pri:0, instance:org.utils.VisualTest@6ea12c19]" name="setupTestMethod" is-config="true" duration-ms="1" started-at="2018-07-13T19:02:52Z" finished-at="2018-07-13T19:02:52Z">
          <params>
            <param index="0">
              <value>
                <![CDATA[public void org.utils.VisualTest.imageCompareTest() throws java.lang.Exception]]>
              </value>
            </param>
          </params>
          <reporter-output>
          </reporter-output>
        </test-method> <!-- setupTestMethod -->
        <test-method status="PASS" signature="imageCompareTest()[pri:0, instance:org.utils.VisualTest@6ea12c19]" name="imageCompareTest" duration-ms="4251" started-at="2018-07-13T19:02:52Z" finished-at="2018-07-13T19:02:56Z">
          <reporter-output>
          </reporter-output>
        </test-method> <!-- imageCompareTest -->
        <test-method status="PASS" signature="setupTestMethod(java.lang.reflect.Method)[pri:0, instance:org.utils.VisualTest@6ea12c19]" name="setupTestMethod" is-config="true" duration-ms="4" started-at="2018-07-13T19:02:57Z" finished-at="2018-07-13T19:02:57Z">
          <params>
            <param index="0">
              <value>
                <![CDATA[public void org.utils.VisualTest.imageResizeTest() throws java.lang.Exception]]>
              </value>
            </param>
          </params>
          <reporter-output>
          </reporter-output>
        </test-method> <!-- setupTestMethod -->
        <test-method status="PASS" signature="imageResizeTest()[pri:0, instance:org.utils.VisualTest@6ea12c19]" name="imageResizeTest" duration-ms="3291" started-at="2018-07-13T19:02:57Z" finished-at="2018-07-13T19:03:00Z">
          <reporter-output>
          </reporter-output>
        </test-method> <!-- imageResizeTest -->
        <test-method status="PASS" signature="afterSuiteMethod()[pri:0, instance:org.utils.VisualTest@6ea12c19]" name="afterSuiteMethod" is-config="true" duration-ms="112" started-at="2018-07-13T19:03:00Z" finished-at="2018-07-13T19:03:00Z">
          <reporter-output>
          </reporter-output>
        </test-method> <!-- afterSuiteMethod -->
      </class> <!-- org.utils.VisualTest -->
      <class name="org.utils.ShareDataTest">
        <test-method status="PASS" signature="setupTestClass(org.testng.ITestContext)[pri:0, instance:org.utils.ShareDataTest@6a024a67]" name="setupTestClass" is-config="true" duration-ms="1994" started-at="2018-07-13T19:03:00Z" finished-at="2018-07-13T19:03:02Z">
          <params>
            <param index="0">
              <value>
                <![CDATA[org.testng.TestRunner@448c8166]]>
              </value>
            </param>
          </params>
          <reporter-output>
          </reporter-output>
        </test-method> <!-- setupTestClass -->
        <test-method status="PASS" signature="beforeMethod(java.lang.reflect.Method, org.testng.ITestResult)[pri:0, instance:org.utils.ShareDataTest@6a024a67]" name="beforeMethod" is-config="true" duration-ms="0" started-at="2018-07-13T19:03:02Z" finished-at="2018-07-13T19:03:02Z">
          <params>
            <param index="0">
              <value>
                <![CDATA[public void org.utils.ShareDataTest.dataConsumingTest()]]>
              </value>
            </param>
            <param index="1">
              <value>
                <![CDATA[[TestResult name=dataConsumingTest status=SUCCESS method=ShareDataTest.dataConsumingTest()[pri:0, instance:org.utils.ShareDataTest@6a024a67] output={null}]]]>
              </value>
            </param>
          </params>
          <reporter-output>
          </reporter-output>
        </test-method> <!-- beforeMethod -->
        <test-method status="PASS" signature="dataConsumingTest()[pri:0, instance:org.utils.ShareDataTest@6a024a67]" name="dataConsumingTest" duration-ms="17" started-at="2018-07-13T19:03:02Z" finished-at="2018-07-13T19:03:02Z">
          <reporter-output>
          </reporter-output>
        </test-method> <!-- dataConsumingTest -->
        <test-method status="PASS" signature="afterSuiteMethod()[pri:0, instance:org.utils.ShareDataTest@6a024a67]" name="afterSuiteMethod" is-config="true" duration-ms="84" started-at="2018-07-13T19:03:03Z" finished-at="2018-07-13T19:03:03Z">
          <reporter-output>
          </reporter-output>
        </test-method> <!-- afterSuiteMethod -->
      </class> <!-- org.utils.ShareDataTest -->
    </test> <!-- RunTest -->
  </suite> <!-- Visual Automation -->
</testng-results>
