<?xml version="1.0" encoding="UTF-8"?>
<!-- Generated by org.testng.reporters.JUnitXMLReporter -->
<testsuite hostname="lenovo120S" name="RunTest" tests="3" failures="0" timestamp="13 Jul 2018 23:03:03 GMT" time="22.622" errors="0">
  <testcase name="imageCompareTest" time="4.251" classname="org.utils.VisualTest"/>
  <testcase name="imageResizeTest" time="3.291" classname="org.utils.VisualTest"/>
  <testcase name="dataConsumingTest" time="0.017" classname="org.utils.ShareDataTest"/>
</testsuite> <!-- RunTest -->
